{
  "RSpec": {
    "coverage": {
      "/Users/erikapheby/Projects/oystercard/spec/journey_log_spec.rb": [
        1,
        null,
        1,
        1,
        7,
        7,
        7,
        7,
        1,
        4,
        null,
        1,
        1,
        1,
        null,
        null,
        1,
        1,
        1,
        null,
        null,
        1,
        1,
        1,
        1,
        null,
        null,
        null,
        1,
        4,
        null,
        1,
        1,
        1,
        1,
        null,
        null,
        1,
        1,
        1,
        1,
        null,
        null,
        1,
        1,
        1,
        null,
        null,
        null,
        null
      ],
      "/Users/erikapheby/Projects/oystercard/lib/journey_log.rb": [
        1,
        null,
        1,
        6,
        6,
        6,
        null,
        null,
        1,
        4,
        null,
        null,
        1,
        6,
        6,
        null,
        null,
        1,
        3,
        3,
        3,
        null,
        null,
        1,
        0,
        null,
        null,
        1,
        1,
        9,
        9,
        null,
        null,
        1,
        9,
        null,
        null,
        null
      ],
      "/Users/erikapheby/Projects/oystercard/spec/journey_spec.rb": [
        1,
        null,
        1,
        1,
        1,
        4,
        2,
        4,
        2,
        null,
        1,
        1,
        1,
        1,
        null,
        null,
        1,
        1,
        1,
        1,
        null,
        null,
        1,
        1,
        null,
        null,
        null
      ],
      "/Users/erikapheby/Projects/oystercard/lib/journey.rb": [
        null,
        1,
        null,
        1,
        1,
        1,
        null,
        1,
        3,
        3,
        null,
        null,
        1,
        2,
        null,
        null,
        1,
        3,
        2,
        null,
        null,
        1,
        null,
        1,
        3,
        null,
        null,
        1,
        2,
        null,
        null,
        null
      ],
      "/Users/erikapheby/Projects/oystercard/spec/oystercard_spec.rb": [
        1,
        null,
        1,
        8,
        8,
        8,
        8,
        8,
        8,
        null,
        1,
        7,
        7,
        7,
        7,
        7,
        7,
        null,
        null,
        1,
        7,
        null,
        1,
        1,
        1,
        1,
        2,
        null,
        null,
        null,
        1,
        1,
        1,
        1,
        1,
        1,
        1,
        1,
        2,
        null,
        null,
        null,
        1,
        1,
        1,
        null,
        null,
        null,
        1,
        1,
        3,
        null,
        null,
        1,
        1,
        1,
        null,
        null,
        null,
        1,
        1,
        1,
        1,
        1,
        1,
        1,
        1,
        2,
        null,
        null,
        null,
        1,
        1,
        1,
        1,
        null,
        null,
        null,
        null,
        null,
        1,
        null,
        1,
        1,
        1,
        2,
        null,
        null,
        null,
        null
      ],
      "/Users/erikapheby/Projects/oystercard/lib/oystercard.rb": [
        1,
        null,
        1,
        1,
        1,
        1,
        1,
        null,
        1,
        7,
        7,
        7,
        7,
        null,
        null,
        1,
        9,
        8,
        null,
        null,
        1,
        7,
        4,
        4,
        4,
        null,
        null,
        1,
        7,
        null,
        null,
        1,
        2,
        2,
        2,
        null,
        null,
        1,
        null,
        1,
        null,
        1,
        3,
        null,
        null,
        null
      ],
      "/Users/erikapheby/Projects/oystercard/spec/station_spec.rb": [
        1,
        null,
        1,
        1,
        3,
        null,
        1,
        1,
        1,
        null,
        null,
        1,
        1,
        null,
        null,
        null,
        null,
        null
      ],
      "/Users/erikapheby/Projects/oystercard/lib/station.rb": [
        1,
        1,
        null,
        1,
        2,
        2,
        null,
        null
      ]
    },
    "timestamp": 1457632676
  }
}
